<?xml version="1.0" encoding="UTF-8"?>
<!-- Generated by org.testng.reporters.JUnitXMLReporter -->
<testsuite hostname="DESKTOP-MPL4FM9" ignored="0" name="Default test" tests="4" failures="0" timestamp="29 Dec 2019 18:22:24 GMT" time="166.108" errors="0">
  <testcase name="test1" time="13.083" classname="utils.ExcelDataProvider"/>
  <testcase name="test1" time="47.043" classname="utils.ExcelDataProvider"/>
  <testcase name="test1" time="12.087" classname="utils.ExcelDataProvider"/>
  <testcase name="test1" time="81.491" classname="utils.ExcelDataProvider"/>
</testsuite> <!-- Default test -->
